[    .000] Initaling cgrupubsy cset[   0.00000]Iniializing cgroup subsys cu
[  0.0000] Initializngcgrousubsys cuat
[   0.0000] Luxverio 44.0-112-geneicbuild@gw01-amd64-010) (gcc version 5.4.0 20160609 (Ubuntu 5.4.0-6ubuntu1~16.04.5) ) #135-Ubuntu SMP Fri Jan 19 11:48:36 UTC 2018 (Ubuntu 4.4.0-112.135-genri 444.9)
[  0000000] mmanline: OO_IAG=/boot/vmlinuz-4.4.0-112-generic root=LABEL=cloudimg-rootfs ro console=tty1 console=ttyS0
[   0.000000] KERNEL supported cpus:
[    0.0000]   InteGeuinentl
[   0.0000  MD AthticAM
[   0.0000   Cntur CeaurHaus[   0.0000] x86pu: xta_offset[2  57 xta_sze[2  256
   0.00000 x86pu: SupprtngXSVE fate 0x1:'x7 flatg poin rgite'
[  00000] 86pu Sppting XAVfeatrex02: 'E restrs'
[    0000] 86/fp: Supporting XSAVE feature 0x04: 'AVX registers'
[    0.000000] x86/fpu: Enabled xstate features 0x7, context size i832 bes, uing 'standard' format.
[    0.000000] x86/fpu: Using 'lazy'FP cote swiche.
[  0000000] e820: BIS-pvided physca RAM map:
[  0.000] BOSe82: em 0x000000000000000-x0000000009fb] sab
    000000] BIS-820: [mem 0x000000009f00-0x000000000009ffff] reserved
[    0.000000] BIOS-e820: [me 00000000f00000x0000000ffff] served
   0.0000] BI-e20:me 0x0000000100000x000000ffeff usable
  0.0000]BI-e20[mm 0x00003fff000-0x000003fffff] API data
[    0.000000] BIOS-e820: [mem 0x00000000fec00000-0x00000000fec00fff] reserved
[    0.000000] BIOS-e820: [mem0x0000000fe000-0x00000000fee00f]reered
[  0.000000]IOS-e820:mem 0x0000000ff000-00000000fffffff] eseed
[    0.0000]X Exece isle proction:aciv
   0.000] MBOS 2 pesen.[  0000000] peviso dteted: KM[  0.000000] e0: la_pn =0xff0 m_ach_fn 0x400000
[   .0000 MTRR:Diabled
[    0.000000] x86/PAT: MTRRs isbld, sppng PAT intilizatioto.
    000000] C MTRRsalblank vrtualiz sstem.
[   00000]x86/PAT:onfiguraon [7] WB WTUC- UC    WT  UC- U  
[   .00000 fun SM M-table at [mem 0x0009fff0-0x0009ffff] mapped at [ffff88000009ff0]    0.000] Scnig 1res for low merycorrupon
[    00000RADIK:mem 0x36c00-03755fff]
[    0.000000] ACPI:Ealy tle cheksm veifcaion isbled
[  0.000000] ACPI: RSDP 0x00000000000E00000004 v02 VBOX  )
[    0.0000] ACP: SDT 0000000FF00 000C 01 VX  VBOXS 000001 A  00001)
[   .0000] ACPI:AC 0x00000FF0F0 0004 (v4 VBOX  VBOFACP000001SL 000061)[   0.0000] ACI:DS 0x0000003FF04 0021F (2 VBOX   BOBIOS000002 INTL010058)
[   00000 API: FACS 0x000000003FFF0200 000040
[    0.0000] PI FS x00000003F0200 0040
[  0.0000 ACPIAPC 0x0000003FFF0240 00005(v2 VBOX   VBOXPI 0000001 ASL  00000061)
[    .00000ACPI: SSDT 0x000000003FFF02A0 0001CC (v01 VBOX   VBOXCPUT 00000002 INTL 20100528)
[    000000 NNUMA configuration found
[    0.0000] Fanga ne t [m 00000000000000-0x000003fffff][   00000]NOE_TA00) locad me 0x3ffb0000xffff]
[  00000 kvmclk: Ungms 45601an 464d0
[   0.0000] vmclck cpu0,sr 0:3f3001 pmarycpclock[    0.0000 kv-cck: in scd ffse o53310617 cycs
[  .00000clocouce: vmclckmask: 0xffffffffffffma_cycles0x1cd42e4ff, axidle_n 815905948ns
  0.0000 Zone ngs:
[   .00000  DM    [mm x00000000100-00000000fff]
[   .0000]  DMA2   [mm 0x000000100000-000000ffefff
[   0.0000] Nrmal  mpy
[  0000000  Devce empty    .0000 Mvablzoe star fr ach od
[   .00000Ealy memrynode ranes
[    0.0000   node   0: [m 0x0000000000001000-0x000000000009efff]
[    0.000000]   node   0: [mem 0x0000000000100000-0x000000003ffeffff]
[    0.000000] Initmem setup node 0 [mem 0x0000000000001000-0x000000003ffeffff]
[    0.000000] ACPI: PM-Timer IO Port: 0x4008
[    0.000000] IOAPIC[0]: apic_id 2, version 32, address 0xfec00000, GSI 0-23
[    0.000000] ACPI: INT_SRC_OVR (bus 0 bus_irq 0 global_irq 2 dfl dfl)
[    0.000000] ACPI: INT_SRC_OVR (bus 0 bus_irq 9 gloal_ir9 lowevl)
[    00000] si ACP(MDT fr SM cnfigutin inforaton    0.00000smpbt:Alloing  Cs,0 hoplg CP
[  0.0000]M:Restred nsae emry[memx00000000x00fff]    .0000]PMRegistednosa mmoy:[mem 0x00f000x009ffff]
[   .00000]PM: gistered save emry: em 0x00a000x00eff]
[   00000] : Reisred sae emy: [mem x00f00-0x000ffff
[    0.000000] e820 [em 0000000xfbffff]availablfo PCI dices
[   000000]ootin pavirtliedkeel on KVM
[    00000] clocksource: efid-jiffies: mask: 0xffffffffmacycles: 0ffffff,ax_ie_s:76519602168 ns
   00000] setu_prcpuNRCPS:2 nrcpmask_ts:52 r_cpu_ds nr_node_ids1[   0.000] PCPU: Embedded4 pages/pu@fff803f0000s99544 r19 d3152 u048576
[   0.000000]PV qspiock hash tale entie 256 (orde: 0, 09 bes)
[   00000 Built 1 zonlis n Noe rder, mobitygrouinon.  Tta pages: 57913
[   00000 Plicy zon: DMA3
[   00000] rnel commad li: OOT_MA=/bot/mlin-4.4-112geericoot=LAL=cloudig-rofsro csolett conlettyS0
[    0.0000]PIhah ab entes 4096 (ode: 3,278 bytes)
[   0.0000 Memory:100140/104810K valae (89Kkeelcode139K rwdata 398K odta1508 it, 13K ss, 38K rerved,  ca-rervd)
[  00000]SLUB: algn64Order=0-3,inbjects=, CPUs=2, Nodes=1
    0.000000] KeneUser getableislaio enable
[   00000] ierchicalRCimplenttion.
[  0.000000] 	uild-time adjstentf leafanuto 4.
    000000] CU resicti CUsfrom NCPUS12to nr_cpids=
    0.000] RCU: Adusingemetry forcu_not_leaf4, ncp_is=
[    0.000000]NR_IRS:3324 nr_irs:406
[  .0000] Csoe:coour VGA+ 0x5
[   0000] onle[tty enabled
[   .00000 cnsol [tyS0 enbld[    0.000000] tsc: Detected 1599.999 MHz processor
[   30.659442] Calibrating delay loop (skipped) preset value.. 3199.99 BogoMIPS (lpj=6399996)
[   30.863282] pid_max: default: 32768 minimum: 301
[   30.964639] ACPI: Core revision 20150930
[   31.064666] ACPI: 2 ACPI AML tables successfully acquired and loaded
[   31.198935] Security Framework initialized
[   31.302802] Yama: becoming mindful.
[   31.378320] AppArmor: AppArmor initialized
[   31.451908] Dentry cache hash table entries: 131072 (order: 8, 1048576 bytes)
[   31.603737] Inode-cache hash table entries: 65536 (order: 7, 524288 bytes)
[   31.743060] Mount-cache hash table entries: 2048 (order: 2, 16384 bytes)
[   31.851707] Mountpoint-cache hash table entries: 2048 (order: 2, 16384 bytes)
[   32.008385] Initializing cgroup subsys io
[   32.095319] Initializing cgroup subsys memory
[   32.182276] Initializing cgroup subsys devices
[   32.237022] Initializing cgroup subsys freezer
[   32.264506] Initializing cgroup subsys net_cls
[   32.281252] Initializing cgroup subsys perf_event
[   32.304302] Initializing cgroup subsys net_prio
[   32.322379] Initializing cgroup subsys hugetlb
[   32.380412] Initializing cgroup subsys pids
[   32.488544] CPU: Physical Processor ID: 0
[   32.579539] CPU: Processor Core ID: 0
[   32.668425] FEATURE SPEC_CTRL Not Present
[   32.763591] mce: CPU supports 0 MCE banks
[   32.864439] Last level iTLB entries: 4KB 64, 2MB 8, 4MB 8
[   32.994360] Last level dTLB entries: 4KB 64, 2MB 0, 4MB 0, 1GB 4
[   33.137391] Freeing SMP alternatives memory: 32K
[   33.259717] ftrace: allocating 32180 entries in 126 pages
[   33.452027] smpboot: APIC(0) Converting physical 0 to logical package 0
[   33.615453] smpboot: Max logical packages: 1
[   33.722321] x2apic enabled
[   33.792639] Switched APIC routing to physical x2apic.
[   33.912399] ..TIMER: vector=0x30 apic1=0 pin1=2 apic2=-1 pin2=-1
[   34.158790] smpboot: CPU0: Intel(R) Core(TM) i5-5250U CPU @ 1.60GHz (family: 0x6, model: 0x3d, stepping: 0x4)
[   34.379477] Performance Events: unsupported p6 CPU model 61 no PMU driver, software events only.
[   34.574631] KVM setup paravirtual spinlock
[   34.675021] x86: Booting SMP configuration:
[   34.778373] .... node  #0, CPUs:      #1
[   34.869738] kvm-clock: cpu 1, msr 0:3ffe3041, secondary cpu clock
[   34.920465] mce: CPU supports 0 MCE banks
[   34.941158] x86: Booted up 1 node, 2 CPUs
[   35.041803] smpboot: Total of 2 processors activated (6399.99 BogoMIPS)
[   35.186511] devtmpfs: initialized
[   35.271326] evm: security.selinux
[   35.325821] evm: security.SMACK64
[   35.384282] evm: security.SMACK64EXEC
[   35.466915] evm: security.SMACK64TRANSMUTE
[   35.554498] evm: security.SMACK64MMAP
[   35.620254] evm: security.ima
[   35.679937] evm: security.capability
[   35.746415] clocksource: jiffies: mask: 0xffffffff max_cycles: 0xffffffff, max_idle_ns: 7645041785100000 ns
[   35.933044] futex hash table entries: 512 (order: 3, 32768 bytes)
[   36.033907] pinctrl core: initialized pinctrl subsystem
[   36.138556] RTC time: 22:53:17, date: 01/29/18
[   36.203108] NET: Registered protocol family 16
[   36.308898] cpuidle: using governor ladder
[   36.404595] cpuidle: using governor menu
[   36.474908] PCCT header not found.
[   36.550109] ACPI: bus type PCI registered
[   36.618036] acpiphp: ACPI Hot Plug PCI Controller Driver version: 0.5
[   36.727164] PCI: Using configuration type 1 for base access
[   36.808737] ACPI: Added _OSI(Module Device)
[   36.819746] ACPI: Added _OSI(Processor Device)
[   36.823928] ACPI: Added _OSI(3.0 _SCP Extensions)
[   36.829652] ACPI: Added _OSI(Processor Aggregator Device)
[   36.874730] ACPI: Executed 1 blocks of module-level executable AML code
[   36.940023] ACPI: Interpreter enabled
[   36.943464] ACPI: (supports S0 S5)
[   36.946039] ACPI: Using IOAPIC for interrupt routing
[   36.949303] PCI: Using host bridge windows from ACPI; if necessary, use "pci=nocrs" and report a bug
[   36.964031] ACPI: PCI Root Bridge [PCI0] (domain 0000 [bus 00-ff])
[   37.014063] acpi PNP0A03:00: _OSC: OS supports [ASPM ClockPM Segments MSI]
[   37.139224] acpi PNP0A03:00: _OSC: not requesting OS control; OS requires [ExtendedConfig ASPM ClockPM MSI]
[   37.237559] acpi PNP0A03:00: fail to add MMCONFIG information, can't access extended PCI configuration space under this bridge.
[   37.452876] PCI host bridge to bus 0000:00
[   37.531267] pci_bus 0000:00: root bus resource [io  0x0000-0x0cf7 window]
[   37.648373] pci_bus 0000:00: root bus resource [io  0x0d00-0xffff window]
[   37.779936] pci_bus 0000:00: root bus resource [mem 0x000a0000-0x000bffff window]
[   37.891865] pci_bus 0000:00: root bus resource [mem 0x40000000-0xfdffffff window]
[   38.017773] pci_bus 0000:00: root bus resource [bus 00-ff]
[   38.113557] pci 0000:00:01.1: legacy IDE quirk: reg 0x10: [io  0x01f0-0x01f7]
[   38.279715] pci 0000:00:01.1: legacy IDE quirk: reg 0x14: [io  0x03f6]
[   38.397319] pci 0000:00:01.1: legacy IDE quirk: reg 0x18: [io  0x0170-0x0177]
[   38.504184] pci 0000:00:01.1: legacy IDE quirk: reg 0x1c: [io  0x0376]
[   38.661022] pci 0000:00:07.0: quirk: [io  0x4000-0x403f] claimed by PIIX4 ACPI
[   38.807117] pci 0000:00:07.0: quirk: [io  0x4100-0x410f] claimed by PIIX4 SMB
[   38.867847] ACPI: PCI Interrupt Link [LNKA] (IRQs 5 9 10 *11)
[   38.921304] ACPI: PCI Interrupt Link [LNKB] (IRQs 5 9 *10 11)
[   38.965182] ACPI: PCI Interrupt Link [LNKC] (IRQs 5 *9 10 11)
[   38.995424] ACPI: PCI Interrupt Link [LNKD] (IRQs 5 9 10 *11)
[   39.014646] ACPI: Enabled 2 GPEs in block 00 to 07
[   39.037969] vgaarb: setting as boot device: PCI:0000:00:02.0
[   39.053148] vgaarb: device added: PCI:0000:00:02.0,decodes=io+mem,owns=io+mem,locks=none
[   39.062958] vgaarb: loaded
[   39.065164] vgaarb: bridge control possible 0000:00:02.0
[   39.133725] SCSI subsystem initialized
[   39.201372] ACPI: bus type USB registered
[   39.204777] usbcore: registered new interface driver usbfs
[   39.210379] usbcore: registered new interface driver hub
[   39.288363] usbcore: registered new device driver usb
[   39.360711] PCI: Using ACPI for IRQ routing
[   39.426022] NetLabel: Initializing
[   39.488308] NetLabel:  domain hash size = 128
[   39.557723] NetLabel:  protocols = UNLABELED CIPSOv4
[   39.584312] NetLabel:  unlabeled traffic allowed by default
[   39.682197] amd_nb: Cannot enumerate AMD northbridges
[   39.790701] clocksource: Switched to clocksource kvm-clock
[   39.855154]ppmo AArorilsyteEnle
[ 40886]np PP AC it  0.9549]npPnAC: found 3 devices

[   41.224187] clocksource: acpi_pm: mask: 0xffffff max_cycles: 0xffffff, max_idle_ns: 2085701024 ns
[   41.267130] NET: Registered protocol family 2
[   41.287475] TCP established hash table entries: 8192 (order: 4, 65536 bytes)
[   41.349429] TCP bind hash table entries: 8192 (order: 5, 131072 bytes)
[   41.354618] TCP: Hash tables configured (established 8192 bind 8192)
[   41.456199] UDP hash table entries: 512 (order: 2, 16384 bytes)
[   41.460039] UDP-Lite hash table entries: 512 (order: 2, 16384 bytes)
[   41.650475] NET: Registered protocol family 1
[   41.728925] pci 0000:00:00.0: Limiting direct PCI/PCI transfers
[   41.765328] pci 0000:00:01.0: Activating ISA DMA hang workarounds
[   41.938312] Unpacking initramfs...
[   44.167167] Freeing initrd memory: 10792K
[   44.263356] RAPL PMU detected, API unit is 2^-32 Joules, 4 fixed counters 10737418240 ms ovfl timer
[   44.408341] hw unit of domain pp0-core 2^-0 Joules
[   44.512881] hw unit of domain package 2^-0 Joules
[   44.573325] hw unit of domain dram 2^-0 Joules
[   44.589876] hw unit of domain pp1-gpu 2^-0 Joules
[   44.608508] platform rtc_cmos: registered platform RTC device (no PNP device found)
[   44.630207] Scanning for low memory corruption every 60 seconds
[   44.687967] audit: initializing netlink subsys (disabled)
[   44.798191] audit: type=2000 audit(1517266374.418:1): initialized
[   44.825063] Initialise system trusted keyring
[   44.831605] HugeTLB registered 2 MB page size, pre-allocated 0 pages
[   44.847818] zbud: loaded
[   44.881444] VFS: Disk quotas dquot_6.6.0
[   44.967443] VFS: Dquot-cache hash table entries: 512 (order 0, 4096 bytes)
[   45.084793] squashfs: version 4.0 (2009/01/31) Phillip Lougher
[   45.220508] fuse init (API version 7.23)
[   45.328611] Key type big_key registered
[   45.411844] Allocating IMA MOK and blacklist keyrings.
[   45.533182] Key type asymmetric registered
[   45.638788] tsc: Refined TSC clocksource calibration: 1600.408 MHz
[   45.691452] Asymmetric key parser 'x509' registered
[   45.691520] Block layer SCSI generic (bsg) driver version 0.4 loaded (major 249)
[   45.691562] io scheduler noop registered
[   45.691564] io scheduler deadline registered (default)
[   45.691599] io scheduler cfq registered
[   45.691711] pci_hotplug: PCI Hot Plug PCI Core version: 0.5
[   45.691716] pciehp: PCI Express Hot Plug Controller Driver version: 0.4
[   45.692083] ACPI: AC Adapter [AC] (off-line)
[   45.692145] input: Power Button as /devices/LNXSYSTM:00/LNXPWRBN:00/input/input0
[   45.692148] ACPI: Power Button [PWRF]
[   45.692241] input: Sleep Button as /devices/LNXSYSTM:00/LNXSLPBN:00/input/input1
[   45.692243] ACPI: Sleep Button [SLPF]
[   45.692423] GHES: HEST is not enabled!
[   45.693978] ACPI: Battery Slot [BAT0] (battery present)
[   45.703838] Serial: 8250/16550 driver, 32 ports, IRQ sharing enabled
[   45.751885] 00:02: ttyS0 at I/O 0x3f8 (irq = 4, base_baud = 115200) is a 16550A
[   45.836693] Linux agpgart interface v0.103
[   45.889922] loop: module loaded
[   45.890560] scsi host0: ata_piix
[   45.890617] scsi host1: ata_piix
[   45.890648] ata1: PATA max UDMA/33 cmd 0x1f0 ctl 0x3f6 bmdma 0xd000 irq 14
[   45.890648] ata2: PATA max UDMA/33 cmd 0x170 ctl 0x376 bmdma 0xd008 irq 15
[   45.890719] libphy: Fixed MDIO Bus: probed
[   45.890721] tun: Universal TUN/TAP device driver, 1.6
[   45.890721] tun: (C) 1999-2004 Max Krasnyansky <maxk@qualcomm.com>
[   45.891168] PPP generic driver version 2.4.2
[   45.891224] ehci_hcd: USB 2.0 'Enhanced' Host Controller (EHCI) Driver
[   45.891228] ehci-pci: EHCI PCI platform driver
[   45.891245] ehci-platform: EHCI generic platform driver
[   45.891253] ohci_hcd: USB 1.1 'Open' Host Controller (OHCI) Driver
[   45.891256] ohci-pci: OHCI PCI platform driver
[   45.891263] ohci-platform: OHCI generic platform driver
[   45.891269] uhci_hcd: USB Universal Host Controller Interface driver
[   45.891323] i8042: PNP: PS/2 Controller [PNP0303:PS2K,PNP0f03:PS2M] at 0x60,0x64 irq 1,12
[   45.891832] serio: i8042 KBD port at 0x60,0x64 irq 1
[   45.891836] serio: i8042 AUX port at 0x60,0x64 irq 12
[   45.891935] mousedev: PS/2 mouse device common for all mice
[   45.892214] input: AT Translated Set 2 keyboard as /devices/platform/i8042/serio0/input/input2
[   45.892594] rtc_cmos rtc_cmos: rtc core: registered rtc_cmos as rtc0
[   45.892658] rtc_cmos rtc_cmos: alarms up to one day, 114 bytes nvram
[   45.892664] i2c /dev entries driver
[   45.892718] device-mapper: uevent: version 1.0.3
[   45.892774] device-mapper: ioctl: 4.34.0-ioctl (2015-10-28) initialised: dm-devel@redhat.com
[   45.892793] ledtrig-cpu: registered to indicate activity on CPUs
[   45.893621] NET: Registered protocol family 10
[   45.893819] NET: Registered protocol family 17
[   45.893832] Key type dns_resolver registered
[   45.894051] microcode: CPU0 sig=0x306d4, pf=0x40, revision=0x0
[   45.905524] microcode: CPU1 sig=0x306d4, pf=0x40, revision=0x0
[   45.905644] microcode: Microcode Update Driver: v2.01 <tigran@aivazian.fsnet.co.uk>, Peter Oruba
[   45.905826] registered taskstats version 1
[   45.905840] Loading compiled-in X.509 certificates
[   45.906541] Loaded X.509 cert 'Build time autogenerated kernel key: 4c603087bab8f0a02cb3b4e1fb4c40f507e71ef1'
[   45.906570] zswap: loaded using pool lzo/zbud
[   45.908635] Key type trusted registered
[   45.912553] Key type encrypted registered
[   45.912562] AppArmor: AppArmor sha1 policy hashing enabled
[   45.912565] ima: No TPM chip found, activating TPM-bypass!
[   45.912586] evm: HMAC attrs: 0x1
[   45.912982]   Magic number: 2:822:907
[   45.925923] rtc_cmos rtc_cmos: setting system clock to 2018-01-29 22:53:27 UTC (1517266407)
[   45.926093] BIOS EDD facility v0.16 2004-Jun-25, 0 devices found
[   45.926093] EDD information not available.
[  49776]clksrc tsc mask: 0xffffffffffffffff max_cycles: 0x1711a65ed91, max_idle_s:405250648 s
[   49.876313] Freeing unused kernel memory: 1508K
[   50.207236] Write protecting the kernel read-only data: 14336k
[   50.270374] Freeing unused kernel memory: 1728K
[   50.380901] Freeing unused kernel memory: 108K
Loading, please wait...
starting version[   50.479951] random: systemd-udevd: uninitialized urandom read (16 bytes read, 7 bits of entropy available)
 229
[   50.481150] random: udevadm: uninitialized urandom read (16 bytes read, 7 bits of entropy available)
[   50.481178] random: udevadm: uninitialized urandom read (16 bytes read, 7 bits of entropy available)
[   50.500179] random: udevadm: uninitialized urandom read (16 bytes read, 7 bits of entropy available)
[   50.500237] random: udevadm: uninitialized urandom read (16 bytes read, 7 bits of entropy available)
[   50.500429] random: udevadm: uninitialized urandom read (16 bytes read, 7 bits of entropy available)
[   50.500503] random: udevadm: uninitialized urandom read (16 bytes read, 7 bits of entropy available)
[   50.500575] random: udevadm: uninitialized urandom read (16 bytes read, 7 bits of entropy available)
[   50.500649] random: udevadm: uninitialized urandom read (16 bytes read, 7 bits of entropy available)
[   50.500720] random: udevadm: uninitialized urandom read (16 bytes read, 7 bits of entropy available)
[   52.229202] e1000: Intel(R) PRO/1000 Network Driver - version 7.3.21-k8-NAPI
[   52.242089] e1000: Copyright (c) 1999-2006 Intel Corporation.
[   52.247766] Fusion MPT base driver 3.04.20
[   52.255811] Copyright (c) 1999-2008 LSI Corporation
[   52.270315] Fusion MPT SPI Host driver 3.04.20
[   52.367576] AVX2 version of gcm_enc/dec engaged.
[   52.442180] AES CTR mode by8 optimization enabled
[   52.528222] input: ImExPS/2 Generic Explorer Mouse as /devices/platform/i8042/serio1/input/input4
[   52.799120] e1000 0000:00:03.0 eth0: (PCI:33MHz:32-bit) 02:db:14:78:b4:e6
[   52.818479] e1000 0000:00:03.0 eth0: Intel(R) PRO/1000 Network Connection
[   53.365279] e1000 0000:00:08.0 eth1: (PCI:33MHz:32-bit) 08:00:27:f4:6c:e6
[   54.392155] e1000 0000:00:08.0 eth1: Intel(R) PRO/1000 Network Connection
[   54.504570] mptbase: ioc0: Initiating bringup
[   54.505174] e1000 0000:00:03.0 enp0s3: renamed from eth0
[   54.720060] e1000 0000:00:08.0 enp0s8: renamed from eth1
[   54.947033] ioc0: LSI53C1030 A0: Capabilities={Initiator}
[   55.203782] scsi host2: ioc0: LSI53C1030 A0, FwRev=00000000h, Ports=1, MaxQ=256, IRQ=20
[   55.267759] floppy0: no floppy controllers found
[   55.363807] scsi 2:0:0:0: Direct-Access     VBOX     HARDDISK         1.0  PQ: 0 ANSI: 5
[   55.493405] scsi target2:0:0: Beginning Domain Validation
[   55.589161] scsi target2:0:0: Domain Validation skipping write tests
[   55.659994] scsi target2:0:0: Ending Domain Validation
[   55.747939] scsi target2:0:0: asynchronous
[   55.758486] scsi 2:0:1:0: Direct-Access     VBOX     HARDDISK         1.0  PQ: 0 ANSI: 5
[   56.451127] scsi target2:0:1: Beginning Domain Validation
[   56.589324] scsi target2:0:1: Domain Validation skipping write tests
[   57.387962] scsi target2:0:1: Ending Domain Validation
[   57.467984] scsi target2:0:1: asynchronous
[   57.559364] sd 2:0:0:0: [sda] 20971520 512-byte logical blocks: (10.7 GB/10.0 GiB)
[   57.681363] sd 2:0:0:0: Attached scsi generic sg0 type 0
[   57.682055] sd 2:0:0:0: [sda] Write Protect is off
[   57.682223] sd 2:0:0:0: [sda] Incomplete mode parameter data
[   57.682224] sd 2:0:0:0: [sda] Assuming drive cache: write through
[   57.685693]  sda: sda1
[   57.687174] sd 2:0:0:0: [sda] Attached SCSI disk
[   58.303688] sd 2:0:1:0: Attached scsi generic sg1 type 0
[   58.303938] sd 2:0:1:0: [sdb] 20480 512-byte logical blocks: (10.5 MB/10.0 MiB)
[   58.304163] sd 2:0:1:0: [sdb] Write Protect is off
[   58.304308] sd 2:0:1:0: [sdb] Incomplete mode parameter data
[   58.304309] sd 2:0:1:0: [sdb] Assuming drive cache: write through
[   58.312080] sd 2:0:1:0: [sdb] Attached SCSI disk
Begin: Loading e[   60.041389] md: linear personality registered for level -1
ssential drivers[   60.153859] md: multipath personality registered for level -4
 ... [   60.278640] md: raid0 personality registered for level 0
[   60.375444] md: raid1 personality registered for level 1
[   60.566762] raid6: sse2x1   gen()  8001 MB/s
[   60.722915] raid6: sse2x1   xor()  4598 MB/s
[   60.810794] raid6: sse2x2   gen()  6435 MB/s
[   60.950935] raid6: sse2x2   xor()  6152 MB/s
[   61.110774] raid6: sse2x4   gen() 10430 MB/s
[   61.306961] raid6: sse2x4   xor()  8104 MB/s
[   61.495536] raid6: avx2x1   gen() 14765 MB/s
[   61.642973] raid6: avx2x2   gen() 18067 MB/s
[   61.750838] raid6: avx2x4   gen() 17105 MB/s
[   61.831254] raid6: using algorithm avx2x2 gen() 18067 MB/s
[   61.873297] raid6: using avx2x2 recovery algorithm
[   61.925045] xor: automatically using best checksumming function:
[   62.103020]    avx       : 17326.000 MB/sec
[   62.207055] async_tx: api initialized (async)
[   62.339846] md: raid6 personality registered for level 6
[   62.463094] md: raid5 personality registered for level 5
[   62.607870] md: raid4 personality registered for level 4
[   62.746454] md: raid10 personality registered for level 10
done.
Begin: Running /scripts/init-premount ...[   62.865208] Btrfs loaded
 done.
Begin: Mounting root file system ... Begin: Running /scripts/local-top ... done.
Begin: Running /scripts/local-premount[   63.010631] EXT4-fs (sda1): mounted filesystem with ordered data mode. Opts: (null)
 ... Scanning for Btrfs filesystems
done.
Warning: fsck not present, so skipping root file system
done.
Begin: Running /scripts/local-bottom ... done.
Begin: Running /scripts/init-bottom ... done.
[   63.397513] systemd[1]: systemd 229 running in system mode. (+PAM +AUDIT +SELINUX +IMA +APPARMOR +SMACK +SYSVINIT +UTMP +LIBCRYPTSETUP +GCRYPT +GNUTLS +ACL +XZ -LZ4 +SECCOMP +BLKID +ELFUTILS +KMOD -IDN)
[   63.746032] systemd[1]: Detected virtualization oracle.
[   63.839194] systemd[1]: Detected architecture x86-64.

Welcome to [1mUbuntu 16.04.3 LTS[0m!

[  69722] systemd[1]: Set hostnametoubtuxeal
[   64.642417] random: nonblocking pool is initialized
[   65.253001] systemd[1]: Reached target Swap.
[[0;32m  OK  [0m] Reached target Swap.
[ 656015syem[1]: Listengn ev/inittlomtili Naedip.
[[0;32m  OK  [0m] Listening on /dev/initctl Compatibility Named Pipe.
[ 663068] stmd]:Listnig  uv Control ckt.
[[0;32m  OK  [0m] Listening on udev Control Socket.
[ 675195] sted[: Strt Fwa Pssord qutso all Directory Wch

[[0;32m  OK  [0m] Started Forward Password Requests to Wall Directory Watch.
[ 6847779] systemd[]:iseni oJonaSock.
[[0;32m  OK  [0m] Listening on Journal Socket.
[  68.6312]syted[1] Lstnig onVMmedaa em ske
[[0;32m  OK  [0m] Listening on LVM2 metadata daemon socket.
[   69.5129 sstem[1 Ltening on evcemappr endamoFIs.
[[0;32m  OK  [0m] Listening on Device-mapper event daemon FIFOs.
[ 70114]ysemd1]Lienng on deKernel oct.
[[0;32m  OK  [0m] Listening on udev Kernel Socket.
[   711718] systemd[1 Lstnig  LM2po dmo socket.
[[0;32m  OK  [0m] Listening on LVM2 poll daemon socket.
[  71905819]ystemd[1]: Set up automount Arbitray xecutblFie Frms leysm toun Poin.
[[0;32m  OK  [0m] Set up automount Arbitrary Executab...ats File System Automount Point.
[ 72900156] ste[1 Reahe trg Eryedoles

[[0;32m  OK  [0m] Reached target Encrypted Volumes.
[   73.659589] systemd]:taed Tigr solvonupteoretrk DS.

[[0;32m  OK  [0m] Started Trigger resolvconf update for networkd DNS.
[ 741575sytemd[1]: Created slice User and Session Slice.
[[0;32m  OK  [0m] Created slice User and Session Slice.
[ 7403776] ste[1]:Lieng  JounaAut ocket.

[[0;32m  OK  [0m] Listening on Journal Audit Socket.
[   75.414094] systemd[1 Lstin o Jrnl cket (/devog
[[0;32m  OK  [0m] Listening on Journal Socket (/dev/log).
[   76.03157]ysemd[: isni oSyogoct.

[[0;32m  OK  [0m] Listening on Syslog Socket.
[   76.6528 sted[1] Rch tgeUs a GupameLoup
[[0;32m  OK  [0m] Reached target User and Group Name Lookups.
[ 77885] ste[1: Created slicSystem Slice.

[[0;32m  OK  [0m] Created slice System Slice.
[   77.987597] systemd[1]: Starting Create list of required static device nodes for the current kernel...
         Starting Create list of required st... nodes for  he current kernel...
[   78.167549] systemd[1]: Starting Load Kernel Modules...
         Starting Load Kernel Modules...[   78.281514] Loading iSCSI transport class v2.0-870.

[   78.432423] iscsi: registered transport (tcp)
[   78.523180] systemd[1]: Starting Nameserver information manager...
         Starting Nameserver information manager...
[   78.590486] iscsi: registered transport (iser)
[   78.695016] systemd[1]: Mounting Debug File System...
         Mounting Debug File System...
[   78.849319] systemd[1]: Starting Set console keymap...
         Starting Set console keymap...
[   79.015002] systemd[1]: Starting Journal Service...
         Starting Journal Service...
[   79.079412] systemd[1]: Reached target Slices.
[[0;32m  OK  [0m] Reached target Slices.
[   79.274989] systemd[1]: Mounting POSIX Message Queue File System...
         Mounting POSIX Message Queue File System...
[   79.448319] systemd[1]: Starting Monitoring of LVM2 mirrors, snapshots etc. using dmeventd or progress polling...
         Starting Monitoring of LVM2 mirrors... dmeventd or progress polling...
[   79.679640] systemd[1]: Starting Remount Root and Kernel File Systems...
[   79.685108] EXT4-fs (sda1): re-mounted. Opts: (null)
         Starting Remount Root and Kernel File Systems...
[   79.944180] systemd[1]: Created slice system-serial\x2dgetty.slice.
[[0;32m  OK  [0m] Created slice system-serial\x2dgetty.slice.
[   80.019415] systemd[1]: Mounting Huge Pages File System...
         Mounting Huge Pages File System...
[   80.151439] systemd[1]: Starting Uncomplicated firewall...
         Starting Uncomplicated firewall...
[   80.312753] systemd[1]: Mounted POSIX Message Queue File System.
[[0;32m  OK  [0m] Mounted POSIX Message Queue File System.
[  8.538] systemd[]:ouedDebug Fil Ste.
[[0;32m  OK  [0m] Mounted Debug File System.
[  81035337 sysem1] Mounted Hugeages File System.

[[0;32m  OK  [0m] Mounted Huge Pages File System.
[  81.4467systemd]:Stared uralervice.
[[0;32m  OK  [0m] Started Journal Service.
[[0;32m  OK  [0m] Started Create list of required sta...ce nodes for the current kernel.
[[0;32m  OK  [0m] Started Load Kernel Modules.
[[0;32m  OK  [0m] Started Set console keymap.
[[0;32m  OK  [0m] Started Remount Root and Kernel File Systems.
[[0;32m  OK  [0m] Started Uncomplicated firewall.
[[0;32m  OK  [0m] Started Nameserver information manager.
[[0;32m  OK  [0m] Started LVM2 metadata daemon.
         Starting Initial cloud-init job (pre-networking)...
         Starting Load/Save Random Seed...
         Starting udev Coldplug all Devices...
         Mounting FUSE Control File System...
         Starting Apply Kernel Variables...
         Starting Create Static Device Nodes in /dev...
         Starting Flush Journal to Persistent Storage...
[[0;32m  OK  [0m] Mounted FUSE Control File System.
[[0;32m  OK  [0m] Started Load/Save Random Seed.
[[0;32m  OK  [0m] Started Apply Kernel Variables.
[[0;32m  OK  [0m] Started Monitoring of LVM2 mirrors,...ng dmeventd or progress polling.
[[0;32m  OK  [0m] Started Create Static Device Nodes in /dev.
[[0;32m  OK  [0m] Started udev Coldplug all Devices.
         Starting udev Kernel Device Manager...
[[0;32m  OK  [0m] Started Flush Journal to Persistent Storage.
[[0;32m  OK  [0m] Started udev Kernel Device Manager.
[[0;32m  OK  [0m] Reached target Local File Systems (Pre).
[[0;32m  OK  [0m] Reached target Local File Systems.
         Starting Set console font and keymap...
         Starting LSB: AppArmor initialization...
         Starting Tell Plymouth To Write Out Runtime Data...
[[0;32m  OK  [0m] Started Dispatch Password Requests to Console Directory Watch.
         Starting Create Volatile Files and Directories...
[[0;32m  OK  [0m] Started Tell Plymouth To Write Out Runtime Data.
[[0;32m  OK  [0m] Started Create Volatile Files and Directories.
[[0;32m  OK  [0m] Found device /dev/ttyS0.
         Starting Update UTMP about System Boot/Shutdown...
[[0;32m  OK  [0m] Reached target System Time Synchronized.
[[0;32m  OK  [0m] Started LSB: AppArmor initialization.
[[0;32m  OK  [0m] Started Set console font and keymap.
[[0;32m  OK  [0m] Started Update UTMP about System Boot/Shutdown.
[[0;32m  OK  [0m] Listening on Load/Save RF Kill Switch Status /dev/rfkill Watch.
[[0;32m  OK  [0m] Created slice system-getty.slice.
[   46.428879] cloud-init[444]: Cloud-init v. 17.1 running 'init-local' at Mon, 29 Jan 2018 22:54:06 +0000. Up 45.81 seconds.
[[0;32m  OK  [0m] Started Initial cloud-init job (pre-networking).
[[0;32m  OK  [0m] Reached target Network (Pre).
         Starting Raise network interfaces...
[[0;32m  OK  [0m] Started ifup for enp0s3.
[[0;32m  OK  [0m] Started ifup for enp0s8.
[[0;32m  OK  [0m] Started Raise network interfaces.
[[0;32m  OK  [0m] Reached target Network.
         Starting Initial cloud-init job (metadata service crawler)...
[   49.466193] cloud-init[1043]: Cloud-init v. 17.1 running 'init' at Mon, 29 Jan 2018 22:54:09 +0000. Up 48.64 seconds.
[   49.557173] cloud-init[1043]: ci-info: ++++++++++++++++++++++++++++++++++++++Net device info++++++++++++++++++++++++++++++++++++++
[   49.687961] cloud-init[1043]: ci-info: +--------+------+-----------------------------+---------------+-------+-------------------+
[[0;32m  OK  [0m] Started Initial cloud-init job (metadata service crawler).
[   49.831512] cloud-init[1043]: ci-info: | Device |  Up  |           Address           |      Mask     | Scope |     Hw-Address    |
[   49.895839] cloud-init[1043]: ci-info: +--------+------+-----------------------------+---------------+-------+-------------------+
[[0;32m  OK  [0m] Reached target Network is Online.
[   49.896295] cloud-init[1043]: ci-info: | enp0s3 | True |          10.0.2.15          | 255.255.255.0 |   .   | 02:db:14:78:b4:e6 |
[   50.616651] cloud-init[1043]: ci-info: | enp0s3 | True |  fe80::db:14ff:fe78:b4e6/64 |       .       |  link | 02:db:14:78:b4:e6 |
[   50.617322] cloud-init[1043]: ci-info: | enp0s8 | True |        192.168.10.150       | 255.255.255.0 |   .   | 08:00:27:f4:6c:e6 |
         Starting iSCSI initiator daemon (iscsid)...
[   50.617829] cloud-init[1043]: ci-info: | enp0s8 | True | fe80::a00:27ff:fef4:6ce6/64 |       .       |  link | 08:00:27:f4:6c:e6 |
[[0;32m  OK  [0m] Reached target Cloud-config availability.
[   50.938915] cloud-init[1043]: ci-info: |   lo   | True |          127.0.0.1          |   255.0.0.0   |   .   |         .         |
[   51.121664] cloud-init[1043]: ci-info: |   lo   | True |           ::1/128           |       .       |  host |         .         |
[[0;32m  OK  [0m] Reached target System Initialization.
         [   51.122050] Starting Socket activation for snappy daemon.cloud-init
[1043]: ci-info: +--------+------+-----------------------------+---------------+-------+-------------------+
[   51.532781] cloud-init[1043]: ci-info: ++++++++++++++++++++++++++++Route IPv4 info++++++++++++++++++++++++++++
[   51.533507] cloud-init[1043]: ci-info: +-------+--------------+----------+---------------+-----------+-------+
[[0;32m  OK  [0m] Listening on ACPID Listen Socket.
[[   51.533881] cloud-init[1043]: ci-info: | Route | Destination  | Gateway  |    Genmask    | Interface | Flags |
[   51.738997] cloud-init[1043]: ci-info: +-------+--------------+----------+---------------+-----------+-------+
[   51.740963] cloud-init[1043]: ci-info: |   0   |   0.0.0.0    | 10.0.2.2 |    0.0.0.0    |   enp0s3  |   UG  |
[0;32m  OK  [0m[   51.741137] ] cloud-initListening on UUID daemon activation socket.[1043]: 
ci-info: |   1   |   10.0.2.0   | 0.0.0.0  | 255.255.255.0 |   enp0s3  |   U   |
[   51.741302] cloud-init[1043]: ci-info: |   2   | 192.168.10.0 | 0.0.0.0  | 255.255.255.0 |   enp0s8  |   U   |
[   52.288810] cloud-init[1043]: ci-info: +-------+--------------+----------+---------------+-----------+-------+
[[0;32m  OK  [0m] Started Timer to automatically refresh installed snaps.
         Starting LXD - unix socket.
[[0;32m  OK  [0m] Started Daily apt download activities.
[[0;32m  OK  [0m] Started Daily apt upgrade and clean activities.
[[0;32m  OK  [0m] Listening on D-Bus System Message Bus Socket.
[[0;32m  OK  [0m] Started Daily Cleanup of Temporary Directories.
[[0;32m  OK  [0m] Reached target Timers.
[[0;32m  OK  [0m] Started ACPI Events Check.
[[0;32m  OK  [0m] Reached target Paths.
[[0;32m  OK  [0m] Listening on Socket activation for snappy daemon.
[[0;32m  OK  [0m] Listening on LXD - unix socket.
[[0;32m  OK  [0m] Started iSCSI initiator daemon (iscsid).
         Starting Login to default iSCSI targets...
[[0;32m  OK  [0m] Reached target Sockets.
[[0;32m  OK  [0m] Reached target Basic System.
         Starting LSB: MD monitoring daemon...
         Starting LSB: Record successful boot for GRUB...
[[0;32m  OK  [0m] Started FUSE filesystem for LXC.
[[0;32m  OK  [0m] Started Deferred execution scheduler.
[[0;32m  OK  [0m] Started D-Bus System Message Bus.
         Starting /etc/rc.local Compatibility...
         Starting System Logging Service...
         Starting Accounts Service...
[[0;32m  OK  [0m] Started ACPI event daemon.
         Starting OpenBSD Secure Shell server...
         Starting Snappy daemon...
         Starting LXD - container startup/shutdown...
         Starting Apply the settings specified in cloud-config...
[[0;32m  OK  [0m] Started Regular background program processing daemon.
         Starting Login Service...
[[0;32m  OK  [0m] Started Unattended Upgrades Shutdown.
[[0;32m  OK  [0m] Started System Logging Service.
[[0;32m  OK  [0m] Started OpenBSD Secure Shell server.
[[0;32m  OK  [0m] Started /etc/rc.local Compatibility.
[[0;32m  OK  [0m] Started LXD - container startup/shutdown.
[[0;32m  OK  [0m] Started Snappy daemon.
[[0;32m  OK  [0m] Started LSB: MD monitoring daemon.
[[0;32m  OK  [0m] Started LSB: Record successful boot for GRUB.
[[0;32m  OK  [0m] Started Login to default iSCSI targets.
         Starting Authenticate and Authorize Users to Run Privileged Tasks...
[[0;32m  OK  [0m] Reached target Remote File Systems (Pre).
[[0;32m  OK  [0m] Reached target Remote File Systems.
         Starting LSB: Set the CPU Frequency Scaling governor to "ondemand"...
         Starting LSB: daemon to balance interrupts for SMP systems...
         Starting LSB: VirtualBox Linux Additions...
         Starting LSB: automatic crash report generation...
         Starting Permit User Sessions...
[[0;32m  OK  [0m] Started Permit User Sessions.
[[0;32m  OK  [0m] Started Login Service.
[[0;32m  OK  [0m] Started Authenticate and Authorize Users to Run Privileged Tasks.
[   55.618888] cloud-init[1143]: Cloud-init v. 17.1 running 'modules:config' at Mon, 29 Jan 2018 22:54:15 +0000. Up 55.25 seconds.
[[0;32m  OK  [0m] Started Apply the settings specified in cloud-config.
[[0;32m  OK  [0m] Started Accounts Service.
[[0;32m  OK  [0m] Started LSB: Set the CPU Frequency Scaling governor to "ondemand".
[[0;32m  OK  [0m] Created slice User Slice of vagrant.
         Starting User Manager for UID 1000...
[[0;32m  OK  [0m] Started Session 1 of user vagrant.
         Starting Terminate Plymouth Boot Screen...
         Starting Hold until boot process finishes up...
[[0;32m  OK  [0m] Started User Manager for UID 1000.
[[0;32m  OK  [0m] Started LSB: daemon to balance interrupts for SMP systems.
[[0;32m  OK  [0m] Started LSB: VirtualBox Linux Additions.
[[0;32m  OK  [0m] Started LSB: automatic crash report generation.
[[0;32m  OK  [0m] Started Terminate Plymouth Boot Screen.
[[0;32m  OK  [0m] Started Hold until boot process finishes up.
[[0;32m  OK  [0m] Started Serial Getty on ttyS0.
         Starting Set console scheme...
[[0;32m  OK  [0m] Started Getty on tty1.
[[0;32m  OK  [0m] Reached target Login Prompts.
[[0;32m  OK  [0m] Reached target Multi-User System.
         Starting Execute cloud user/final scripts...
[[0;32m  OK  [0m] Reached target Graphical Interface.
         Starting Update UTMP about System Runlevel Changes...
[[0;32m  OK  [0m] Started Set console scheme.
[[0;32m  OK  [0m] Started Update UTMP about System Runlevel Changes.
[   57.667339] cloud-init[1283]: Cloud-init v. 17.1 running 'modules:final' at Mon, 29 Jan 2018 22:54:18 +0000. Up 57.46 seconds.
[   57.808819] cloud-init[1283]: Cloud-init v. 17.1 finished at Mon, 29 Jan 2018 22:54:18 +0000. Datasource DataSourceNoCloud [seed=/dev/sdb][dsmode=net].  Up 57.66 seconds
[[0;32m  OK  [0m] Started Execute cloud user/final scripts.
[[0;32m  OK  [0m] Reached target Cloud-init target.

Ubuntu 16.04.3 LTS ubuntu-xenial ttyS0

ubuntu-xenial login: 